This file contains any messages produced by compilers while
running configure, to aid debugging if configure makes a mistake.

It was created by gxe configure 1.29, which was
generated by GNU Autoconf 2.69.  Invocation command line was

  $ ./configure 

## --------- ##
## Platform. ##
## --------- ##

hostname = ian.jesusdiedfor.me
uname -m = armv7l
uname -r = 4.19.58-v7l+
uname -s = Linux
uname -v = #1245 SMP Fri Jul 12 17:31:45 BST 2019

/usr/bin/uname -p = unknown
/bin/uname -X     = unknown

/bin/arch              = unknown
/usr/bin/arch -k       = unknown
/usr/convex/getsysinfo = unknown
/usr/bin/hostinfo      = unknown
/bin/machine           = unknown
/usr/bin/oslevel       = unknown
/bin/universe          = unknown

PATH: /home/pi/.local/bin
PATH: /usr/local/sbin
PATH: /usr/local/bin
PATH: /usr/sbin
PATH: /usr/bin
PATH: /sbin
PATH: /bin
PATH: /usr/local/games
PATH: /usr/games


## ----------- ##
## Core tests. ##
## ----------- ##

configure:2415: checking for a BSD-compatible install
configure:2483: result: /usr/bin/install -c
configure:2494: checking whether build environment is sane
configure:2549: result: yes
configure:2698: checking for a thread-safe mkdir -p
configure:2737: result: /bin/mkdir -p
configure:2744: checking for gawk
configure:2760: found /usr/bin/gawk
configure:2771: result: gawk
configure:2782: checking whether make sets $(MAKE)
configure:2804: result: yes
configure:2833: checking whether make supports nested variables
configure:2850: result: yes
configure:2980: checking whether to enable maintainer-specific portions of Makefiles
configure:2989: result: no
configure:3014: checking for style of include used by make
configure:3042: result: GNU
configure:3113: checking for gcc
configure:3129: found /usr/bin/gcc
configure:3140: result: gcc
configure:3369: checking for C compiler version
configure:3378: gcc --version >&5
gcc (Raspbian 8.3.0-6+rpi1) 8.3.0
Copyright (C) 2018 Free Software Foundation, Inc.
This is free software; see the source for copying conditions.  There is NO
warranty; not even for MERCHANTABILITY or FITNESS FOR A PARTICULAR PURPOSE.

configure:3389: $? = 0
configure:3378: gcc -v >&5
Using built-in specs.
COLLECT_GCC=gcc
COLLECT_LTO_WRAPPER=/usr/lib/gcc/arm-linux-gnueabihf/8/lto-wrapper
Target: arm-linux-gnueabihf
Configured with: ../src/configure -v --with-pkgversion='Raspbian 8.3.0-6+rpi1' --with-bugurl=file:///usr/share/doc/gcc-8/README.Bugs --enable-languages=c,ada,c++,go,d,fortran,objc,obj-c++ --prefix=/usr --with-gcc-major-version-only --program-suffix=-8 --program-prefix=arm-linux-gnueabihf- --enable-shared --enable-linker-build-id --libexecdir=/usr/lib --without-included-gettext --enable-threads=posix --libdir=/usr/lib --enable-nls --enable-bootstrap --enable-clocale=gnu --enable-libstdcxx-debug --enable-libstdcxx-time=yes --with-default-libstdcxx-abi=new --enable-gnu-unique-object --disable-libitm --disable-libquadmath --disable-libquadmath-support --enable-plugin --with-system-zlib --with-target-system-zlib --enable-objc-gc=auto --enable-multiarch --disable-sjlj-exceptions --with-arch=armv6 --with-fpu=vfp --with-float=hard --disable-werror --enable-checking=release --build=arm-linux-gnueabihf --host=arm-linux-gnueabihf --target=arm-linux-gnueabihf
Thread model: posix
gcc version 8.3.0 (Raspbian 8.3.0-6+rpi1) 
configure:3389: $? = 0
configure:3378: gcc -V >&5
gcc: error: unrecognized command line option '-V'
gcc: fatal error: no input files
compilation terminated.
configure:3389: $? = 1
configure:3378: gcc -qversion >&5
gcc: error: unrecognized command line option '-qversion'; did you mean '--version'?
gcc: fatal error: no input files
compilation terminated.
configure:3389: $? = 1
configure:3409: checking whether the C compiler works
configure:3431: gcc    conftest.c  >&5
configure:3435: $? = 0
configure:3483: result: yes
configure:3486: checking for C compiler default output file name
configure:3488: result: a.out
configure:3494: checking for suffix of executables
configure:3501: gcc -o conftest    conftest.c  >&5
configure:3505: $? = 0
configure:3527: result: 
configure:3549: checking whether we are cross compiling
configure:3557: gcc -o conftest    conftest.c  >&5
configure:3561: $? = 0
configure:3568: ./conftest
configure:3572: $? = 0
configure:3560: result: no
configure:3565: checking for suffix of object files
configure:3587: gcc -c   conftest.c >&5
configure:3591: $? = 0
configure:3612: result: o
configure:3616: checking whether we are using the GNU C compiler
configure:3635: gcc -c   conftest.c >&5
configure:3635: $? = 0
configure:3644: result: yes
configure:3653: checking whether gcc accepts -g
configure:3673: gcc -c -g  conftest.c >&5
configure:3673: $? = 0
configure:3714: result: yes
configure:3731: checking for gcc option to accept ISO C89
configure:3794: gcc  -c -g -O2  conftest.c >&5
configure:3794: $? = 0
configure:3807: result: none needed
configure:3832: checking whether gcc understands -c and -o together
configure:3854: gcc -c conftest.c -o conftest2.o
configure:3857: $? = 0
configure:3854: gcc -c conftest.c -o conftest2.o
configure:3857: $? = 0
configure:3869: result: yes
configure:3888: checking dependency style of gcc
configure:3999: result: gcc3
configure:4015: checking for library containing strerror
configure:4046: gcc -o conftest -g -O2   conftest.c  >&5
configure:4046: $? = 0
configure:4063: result: none required
configure:4134: checking for gcc
configure:4161: result: gcc
configure:4390: checking for C compiler version
configure:4399: gcc --version >&5
gcc (Raspbian 8.3.0-6+rpi1) 8.3.0
Copyright (C) 2018 Free Software Foundation, Inc.
This is free software; see the source for copying conditions.  There is NO
warranty; not even for MERCHANTABILITY or FITNESS FOR A PARTICULAR PURPOSE.

configure:4410: $? = 0
configure:4399: gcc -v >&5
Using built-in specs.
COLLECT_GCC=gcc
COLLECT_LTO_WRAPPER=/usr/lib/gcc/arm-linux-gnueabihf/8/lto-wrapper
Target: arm-linux-gnueabihf
Configured with: ../src/configure -v --with-pkgversion='Raspbian 8.3.0-6+rpi1' --with-bugurl=file:///usr/share/doc/gcc-8/README.Bugs --enable-languages=c,ada,c++,go,d,fortran,objc,obj-c++ --prefix=/usr --with-gcc-major-version-only --program-suffix=-8 --program-prefix=arm-linux-gnueabihf- --enable-shared --enable-linker-build-id --libexecdir=/usr/lib --without-included-gettext --enable-threads=posix --libdir=/usr/lib --enable-nls --enable-bootstrap --enable-clocale=gnu --enable-libstdcxx-debug --enable-libstdcxx-time=yes --with-default-libstdcxx-abi=new --enable-gnu-unique-object --disable-libitm --disable-libquadmath --disable-libquadmath-support --enable-plugin --with-system-zlib --with-target-system-zlib --enable-objc-gc=auto --enable-multiarch --disable-sjlj-exceptions --with-arch=armv6 --with-fpu=vfp --with-float=hard --disable-werror --enable-checking=release --build=arm-linux-gnueabihf --host=arm-linux-gnueabihf --target=arm-linux-gnueabihf
Thread model: posix
gcc version 8.3.0 (Raspbian 8.3.0-6+rpi1) 
configure:4410: $? = 0
configure:4399: gcc -V >&5
gcc: error: unrecognized command line option '-V'
gcc: fatal error: no input files
compilation terminated.
configure:4410: $? = 1
configure:4399: gcc -qversion >&5
gcc: error: unrecognized command line option '-qversion'; did you mean '--version'?
gcc: fatal error: no input files
compilation terminated.
configure:4410: $? = 1
configure:4414: checking whether we are using the GNU C compiler
configure:4442: result: yes
configure:4451: checking whether gcc accepts -g
configure:4512: result: yes
configure:4529: checking for gcc option to accept ISO C89
configure:4605: result: none needed
configure:4630: checking whether gcc understands -c and -o together
configure:4667: result: yes
configure:4686: checking dependency style of gcc
configure:4797: result: gcc3
configure:4817: checking how to run the C preprocessor
configure:4848: gcc -E  conftest.c
configure:4848: $? = 0
configure:4862: gcc -E  conftest.c
conftest.c:11:10: fatal error: ac_nonexistent.h: No such file or directory
 #include <ac_nonexistent.h>
          ^~~~~~~~~~~~~~~~~~
compilation terminated.
configure:4862: $? = 1
configure: failed program was:
| /* confdefs.h */
| #define PACKAGE_NAME "gxe"
| #define PACKAGE_TARNAME "gxe"
| #define PACKAGE_VERSION "1.29"
| #define PACKAGE_STRING "gxe 1.29"
| #define PACKAGE_BUGREPORT ""
| #define PACKAGE_URL ""
| #define PACKAGE "gxe"
| #define VERSION "1.29"
| /* end confdefs.h.  */
| #include <ac_nonexistent.h>
configure:4887: result: gcc -E
configure:4907: gcc -E  conftest.c
configure:4907: $? = 0
configure:4921: gcc -E  conftest.c
conftest.c:11:10: fatal error: ac_nonexistent.h: No such file or directory
 #include <ac_nonexistent.h>
          ^~~~~~~~~~~~~~~~~~
compilation terminated.
configure:4921: $? = 1
configure: failed program was:
| /* confdefs.h */
| #define PACKAGE_NAME "gxe"
| #define PACKAGE_TARNAME "gxe"
| #define PACKAGE_VERSION "1.29"
| #define PACKAGE_STRING "gxe 1.29"
| #define PACKAGE_BUGREPORT ""
| #define PACKAGE_URL ""
| #define PACKAGE "gxe"
| #define VERSION "1.29"
| /* end confdefs.h.  */
| #include <ac_nonexistent.h>
configure:4950: checking whether ln -s works
configure:4954: result: yes
configure:4961: checking whether make sets $(MAKE)
configure:4983: result: yes
configure:5035: checking for ranlib
configure:5051: found /usr/bin/ranlib
configure:5062: result: ranlib
configure:5133: checking for gcc
configure:5160: result: gcc
configure:5389: checking for C compiler version
configure:5398: gcc --version >&5
gcc (Raspbian 8.3.0-6+rpi1) 8.3.0
Copyright (C) 2018 Free Software Foundation, Inc.
This is free software; see the source for copying conditions.  There is NO
warranty; not even for MERCHANTABILITY or FITNESS FOR A PARTICULAR PURPOSE.

configure:5409: $? = 0
configure:5398: gcc -v >&5
Using built-in specs.
COLLECT_GCC=gcc
COLLECT_LTO_WRAPPER=/usr/lib/gcc/arm-linux-gnueabihf/8/lto-wrapper
Target: arm-linux-gnueabihf
Configured with: ../src/configure -v --with-pkgversion='Raspbian 8.3.0-6+rpi1' --with-bugurl=file:///usr/share/doc/gcc-8/README.Bugs --enable-languages=c,ada,c++,go,d,fortran,objc,obj-c++ --prefix=/usr --with-gcc-major-version-only --program-suffix=-8 --program-prefix=arm-linux-gnueabihf- --enable-shared --enable-linker-build-id --libexecdir=/usr/lib --without-included-gettext --enable-threads=posix --libdir=/usr/lib --enable-nls --enable-bootstrap --enable-clocale=gnu --enable-libstdcxx-debug --enable-libstdcxx-time=yes --with-default-libstdcxx-abi=new --enable-gnu-unique-object --disable-libitm --disable-libquadmath --disable-libquadmath-support --enable-plugin --with-system-zlib --with-target-system-zlib --enable-objc-gc=auto --enable-multiarch --disable-sjlj-exceptions --with-arch=armv6 --with-fpu=vfp --with-float=hard --disable-werror --enable-checking=release --build=arm-linux-gnueabihf --host=arm-linux-gnueabihf --target=arm-linux-gnueabihf
Thread model: posix
gcc version 8.3.0 (Raspbian 8.3.0-6+rpi1) 
configure:5409: $? = 0
configure:5398: gcc -V >&5
gcc: error: unrecognized command line option '-V'
gcc: fatal error: no input files
compilation terminated.
configure:5409: $? = 1
configure:5398: gcc -qversion >&5
gcc: error: unrecognized command line option '-qversion'; did you mean '--version'?
gcc: fatal error: no input files
compilation terminated.
configure:5409: $? = 1
configure:5413: checking whether we are using the GNU C compiler
configure:5441: result: yes
configure:5450: checking whether gcc accepts -g
configure:5511: result: yes
configure:5528: checking for gcc option to accept ISO C89
configure:5604: result: none needed
configure:5629: checking whether gcc understands -c and -o together
configure:5666: result: yes
configure:5685: checking dependency style of gcc
configure:5796: result: gcc3
configure:5816: checking for grep that handles long lines and -e
configure:5874: result: /bin/grep
configure:5879: checking for egrep
configure:5941: result: /bin/grep -E
configure:5946: checking for ANSI C header files
configure:5966: gcc -c -g -O2  conftest.c >&5
configure:5966: $? = 0
configure:6039: gcc -o conftest -g -O2   conftest.c  >&5
configure:6039: $? = 0
configure:6039: ./conftest
configure:6039: $? = 0
configure:6050: result: yes
configure:6064: checking for sys/types.h
configure:6064: gcc -c -g -O2  conftest.c >&5
configure:6064: $? = 0
configure:6064: result: yes
configure:6064: checking for sys/stat.h
configure:6064: gcc -c -g -O2  conftest.c >&5
configure:6064: $? = 0
configure:6064: result: yes
configure:6064: checking for stdlib.h
configure:6064: gcc -c -g -O2  conftest.c >&5
configure:6064: $? = 0
configure:6064: result: yes
configure:6064: checking for string.h
configure:6064: gcc -c -g -O2  conftest.c >&5
configure:6064: $? = 0
configure:6064: result: yes
configure:6064: checking for memory.h
configure:6064: gcc -c -g -O2  conftest.c >&5
configure:6064: $? = 0
configure:6064: result: yes
configure:6064: checking for strings.h
configure:6064: gcc -c -g -O2  conftest.c >&5
configure:6064: $? = 0
configure:6064: result: yes
configure:6064: checking for inttypes.h
configure:6064: gcc -c -g -O2  conftest.c >&5
configure:6064: $? = 0
configure:6064: result: yes
configure:6064: checking for stdint.h
configure:6064: gcc -c -g -O2  conftest.c >&5
configure:6064: $? = 0
configure:6064: result: yes
configure:6064: checking for unistd.h
configure:6064: gcc -c -g -O2  conftest.c >&5
configure:6064: $? = 0
configure:6064: result: yes
configure:6079: checking fcntl.h usability
configure:6079: gcc -c -g -O2  conftest.c >&5
configure:6079: $? = 0
configure:6079: result: yes
configure:6079: checking fcntl.h presence
configure:6079: gcc -E  conftest.c
configure:6079: $? = 0
configure:6079: result: yes
configure:6079: checking for fcntl.h
configure:6079: result: yes
configure:6079: checking stddef.h usability
configure:6079: gcc -c -g -O2  conftest.c >&5
configure:6079: $? = 0
configure:6079: result: yes
configure:6079: checking stddef.h presence
configure:6079: gcc -E  conftest.c
configure:6079: $? = 0
configure:6079: result: yes
configure:6079: checking for stddef.h
configure:6079: result: yes
configure:6079: checking for stdlib.h
configure:6079: result: yes
configure:6079: checking for string.h
configure:6079: result: yes
configure:6079: checking sys/timeb.h usability
configure:6079: gcc -c -g -O2  conftest.c >&5
configure:6079: $? = 0
configure:6079: result: yes
configure:6079: checking sys/timeb.h presence
configure:6079: gcc -E  conftest.c
configure:6079: $? = 0
configure:6079: result: yes
configure:6079: checking for sys/timeb.h
configure:6079: result: yes
configure:6079: checking sys/vfs.h usability
configure:6079: gcc -c -g -O2  conftest.c >&5
configure:6079: $? = 0
configure:6079: result: yes
configure:6079: checking sys/vfs.h presence
configure:6079: gcc -E  conftest.c
configure:6079: $? = 0
configure:6079: result: yes
configure:6079: checking for sys/vfs.h
configure:6079: result: yes
configure:6079: checking for unistd.h
configure:6079: result: yes
configure:6097: checking term.h usability
configure:6097: gcc -c -g -O2  conftest.c >&5
configure:6097: $? = 0
configure:6097: result: yes
configure:6097: checking term.h presence
configure:6097: gcc -E  conftest.c
configure:6097: $? = 0
configure:6097: result: yes
configure:6097: checking for term.h
configure:6097: result: yes
configure:6097: checking ncursesw/ncurses.h usability
configure:6097: gcc -c -g -O2  conftest.c >&5
configure:6097: $? = 0
configure:6097: result: yes
configure:6097: checking ncursesw/ncurses.h presence
configure:6097: gcc -E  conftest.c
configure:6097: $? = 0
configure:6097: result: yes
configure:6097: checking for ncursesw/ncurses.h
configure:6097: result: yes
configure:6097: checking cups/cups.h usability
configure:6097: gcc -c -g -O2  conftest.c >&5
configure:6097: $? = 0
configure:6097: result: yes
configure:6097: checking cups/cups.h presence
configure:6097: gcc -E  conftest.c
configure:6097: $? = 0
configure:6097: result: yes
configure:6097: checking for cups/cups.h
configure:6097: result: yes
configure:6097: checking regex.h usability
configure:6097: gcc -c -g -O2  conftest.c >&5
configure:6097: $? = 0
configure:6097: result: yes
configure:6097: checking regex.h presence
configure:6097: gcc -E  conftest.c
configure:6097: $? = 0
configure:6097: result: yes
configure:6097: checking for regex.h
configure:6097: result: yes
configure:6097: checking iconv.h usability
configure:6097: gcc -c -g -O2  conftest.c >&5
configure:6097: $? = 0
configure:6097: result: yes
configure:6097: checking iconv.h presence
configure:6097: gcc -E  conftest.c
configure:6097: $? = 0
configure:6097: result: yes
configure:6097: checking for iconv.h
configure:6097: result: yes
configure:6120: checking for cupsGetDests in -lcups
configure:6145: gcc -o conftest -g -O2   conftest.c -lcups   >&5
configure:6145: $? = 0
configure:6154: result: yes
configure:6165: checking for initscr in -lncursesw
configure:6190: gcc -o conftest -g -O2   conftest.c -lncursesw  -lcups  >&5
configure:6190: $? = 0
configure:6199: result: yes
configure:6223: checking for an ANSI C-conforming const
configure:6289: gcc -c -g -O2  conftest.c >&5
configure:6289: $? = 0
configure:6296: result: yes
configure:6304: checking for uid_t in sys/types.h
configure:6323: result: yes
configure:6334: checking for inline
configure:6350: gcc -c -g -O2  conftest.c >&5
configure:6350: $? = 0
configure:6358: result: inline
configure:6376: checking for mode_t
configure:6376: gcc -c -g -O2  conftest.c >&5
configure:6376: $? = 0
configure:6376: gcc -c -g -O2  conftest.c >&5
conftest.c: In function 'main':
conftest.c:71:21: error: expected expression before ')' token
 if (sizeof ((mode_t)))
                     ^
configure:6376: $? = 1
configure: failed program was:
| /* confdefs.h */
| #define PACKAGE_NAME "gxe"
| #define PACKAGE_TARNAME "gxe"
| #define PACKAGE_VERSION "1.29"
| #define PACKAGE_STRING "gxe 1.29"
| #define PACKAGE_BUGREPORT ""
| #define PACKAGE_URL ""
| #define PACKAGE "gxe"
| #define VERSION "1.29"
| #define STDC_HEADERS 1
| #define HAVE_SYS_TYPES_H 1
| #define HAVE_SYS_STAT_H 1
| #define HAVE_STDLIB_H 1
| #define HAVE_STRING_H 1
| #define HAVE_MEMORY_H 1
| #define HAVE_STRINGS_H 1
| #define HAVE_INTTYPES_H 1
| #define HAVE_STDINT_H 1
| #define HAVE_UNISTD_H 1
| #define HAVE_FCNTL_H 1
| #define HAVE_STDDEF_H 1
| #define HAVE_STDLIB_H 1
| #define HAVE_STRING_H 1
| #define HAVE_SYS_TIMEB_H 1
| #define HAVE_SYS_VFS_H 1
| #define HAVE_UNISTD_H 1
| #define HAVE_TERM_H 1
| #define HAVE_NCURSESW_NCURSES_H 1
| #define HAVE_CUPS_CUPS_H 1
| #define HAVE_REGEX_H 1
| #define HAVE_ICONV_H 1
| #define HAVE_LIBCUPS 1
| #define HAVE_LIBNCURSESW 1
| /* end confdefs.h.  */
| #include <stdio.h>
| #ifdef HAVE_SYS_TYPES_H
| # include <sys/types.h>
| #endif
| #ifdef HAVE_SYS_STAT_H
| # include <sys/stat.h>
| #endif
| #ifdef STDC_HEADERS
| # include <stdlib.h>
| # include <stddef.h>
| #else
| # ifdef HAVE_STDLIB_H
| #  include <stdlib.h>
| # endif
| #endif
| #ifdef HAVE_STRING_H
| # if !defined STDC_HEADERS && defined HAVE_MEMORY_H
| #  include <memory.h>
| # endif
| # include <string.h>
| #endif
| #ifdef HAVE_STRINGS_H
| # include <strings.h>
| #endif
| #ifdef HAVE_INTTYPES_H
| # include <inttypes.h>
| #endif
| #ifdef HAVE_STDINT_H
| # include <stdint.h>
| #endif
| #ifdef HAVE_UNISTD_H
| # include <unistd.h>
| #endif
| int
| main ()
| {
| if (sizeof ((mode_t)))
| 	    return 0;
|   ;
|   return 0;
| }
configure:6376: result: yes
configure:6387: checking for pid_t
configure:6387: gcc -c -g -O2  conftest.c >&5
configure:6387: $? = 0
configure:6387: gcc -c -g -O2  conftest.c >&5
conftest.c: In function 'main':
conftest.c:71:20: error: expected expression before ')' token
 if (sizeof ((pid_t)))
                    ^
configure:6387: $? = 1
configure: failed program was:
| /* confdefs.h */
| #define PACKAGE_NAME "gxe"
| #define PACKAGE_TARNAME "gxe"
| #define PACKAGE_VERSION "1.29"
| #define PACKAGE_STRING "gxe 1.29"
| #define PACKAGE_BUGREPORT ""
| #define PACKAGE_URL ""
| #define PACKAGE "gxe"
| #define VERSION "1.29"
| #define STDC_HEADERS 1
| #define HAVE_SYS_TYPES_H 1
| #define HAVE_SYS_STAT_H 1
| #define HAVE_STDLIB_H 1
| #define HAVE_STRING_H 1
| #define HAVE_MEMORY_H 1
| #define HAVE_STRINGS_H 1
| #define HAVE_INTTYPES_H 1
| #define HAVE_STDINT_H 1
| #define HAVE_UNISTD_H 1
| #define HAVE_FCNTL_H 1
| #define HAVE_STDDEF_H 1
| #define HAVE_STDLIB_H 1
| #define HAVE_STRING_H 1
| #define HAVE_SYS_TIMEB_H 1
| #define HAVE_SYS_VFS_H 1
| #define HAVE_UNISTD_H 1
| #define HAVE_TERM_H 1
| #define HAVE_NCURSESW_NCURSES_H 1
| #define HAVE_CUPS_CUPS_H 1
| #define HAVE_REGEX_H 1
| #define HAVE_ICONV_H 1
| #define HAVE_LIBCUPS 1
| #define HAVE_LIBNCURSESW 1
| /* end confdefs.h.  */
| #include <stdio.h>
| #ifdef HAVE_SYS_TYPES_H
| # include <sys/types.h>
| #endif
| #ifdef HAVE_SYS_STAT_H
| # include <sys/stat.h>
| #endif
| #ifdef STDC_HEADERS
| # include <stdlib.h>
| # include <stddef.h>
| #else
| # ifdef HAVE_STDLIB_H
| #  include <stdlib.h>
| # endif
| #endif
| #ifdef HAVE_STRING_H
| # if !defined STDC_HEADERS && defined HAVE_MEMORY_H
| #  include <memory.h>
| # endif
| # include <string.h>
| #endif
| #ifdef HAVE_STRINGS_H
| # include <strings.h>
| #endif
| #ifdef HAVE_INTTYPES_H
| # include <inttypes.h>
| #endif
| #ifdef HAVE_STDINT_H
| # include <stdint.h>
| #endif
| #ifdef HAVE_UNISTD_H
| # include <unistd.h>
| #endif
| int
| main ()
| {
| if (sizeof ((pid_t)))
| 	    return 0;
|   ;
|   return 0;
| }
configure:6387: result: yes
configure:6398: checking for size_t
configure:6398: gcc -c -g -O2  conftest.c >&5
configure:6398: $? = 0
configure:6398: gcc -c -g -O2  conftest.c >&5
conftest.c: In function 'main':
conftest.c:71:21: error: expected expression before ')' token
 if (sizeof ((size_t)))
                     ^
configure:6398: $? = 1
configure: failed program was:
| /* confdefs.h */
| #define PACKAGE_NAME "gxe"
| #define PACKAGE_TARNAME "gxe"
| #define PACKAGE_VERSION "1.29"
| #define PACKAGE_STRING "gxe 1.29"
| #define PACKAGE_BUGREPORT ""
| #define PACKAGE_URL ""
| #define PACKAGE "gxe"
| #define VERSION "1.29"
| #define STDC_HEADERS 1
| #define HAVE_SYS_TYPES_H 1
| #define HAVE_SYS_STAT_H 1
| #define HAVE_STDLIB_H 1
| #define HAVE_STRING_H 1
| #define HAVE_MEMORY_H 1
| #define HAVE_STRINGS_H 1
| #define HAVE_INTTYPES_H 1
| #define HAVE_STDINT_H 1
| #define HAVE_UNISTD_H 1
| #define HAVE_FCNTL_H 1
| #define HAVE_STDDEF_H 1
| #define HAVE_STDLIB_H 1
| #define HAVE_STRING_H 1
| #define HAVE_SYS_TIMEB_H 1
| #define HAVE_SYS_VFS_H 1
| #define HAVE_UNISTD_H 1
| #define HAVE_TERM_H 1
| #define HAVE_NCURSESW_NCURSES_H 1
| #define HAVE_CUPS_CUPS_H 1
| #define HAVE_REGEX_H 1
| #define HAVE_ICONV_H 1
| #define HAVE_LIBCUPS 1
| #define HAVE_LIBNCURSESW 1
| /* end confdefs.h.  */
| #include <stdio.h>
| #ifdef HAVE_SYS_TYPES_H
| # include <sys/types.h>
| #endif
| #ifdef HAVE_SYS_STAT_H
| # include <sys/stat.h>
| #endif
| #ifdef STDC_HEADERS
| # include <stdlib.h>
| # include <stddef.h>
| #else
| # ifdef HAVE_STDLIB_H
| #  include <stdlib.h>
| # endif
| #endif
| #ifdef HAVE_STRING_H
| # if !defined STDC_HEADERS && defined HAVE_MEMORY_H
| #  include <memory.h>
| # endif
| # include <string.h>
| #endif
| #ifdef HAVE_STRINGS_H
| # include <strings.h>
| #endif
| #ifdef HAVE_INTTYPES_H
| # include <inttypes.h>
| #endif
| #ifdef HAVE_STDINT_H
| # include <stdint.h>
| #endif
| #ifdef HAVE_UNISTD_H
| # include <unistd.h>
| #endif
| int
| main ()
| {
| if (sizeof ((size_t)))
| 	    return 0;
|   ;
|   return 0;
| }
configure:6398: result: yes
configure:6409: checking whether time.h and sys/time.h may both be included
configure:6429: gcc -c -g -O2  conftest.c >&5
configure:6429: $? = 0
configure:6436: result: yes
configure:6444: checking whether struct tm is in sys/time.h or time.h
configure:6464: gcc -c -g -O2  conftest.c >&5
configure:6464: $? = 0
configure:6471: result: time.h
configure:6479: checking for working volatile
configure:6498: gcc -c -g -O2  conftest.c >&5
configure:6498: $? = 0
configure:6505: result: yes
configure:6517: checking for working alloca.h
configure:6534: gcc -o conftest -g -O2   conftest.c -lncursesw -lcups  >&5
configure:6534: $? = 0
configure:6542: result: yes
configure:6550: checking for alloca
configure:6587: gcc -o conftest -g -O2   conftest.c -lncursesw -lcups  >&5
configure:6587: $? = 0
configure:6595: result: yes
configure:6703: checking for stdlib.h
configure:6703: result: yes
configure:6713: checking for GNU libc compatible malloc
configure:6737: gcc -o conftest -g -O2   conftest.c -lncursesw -lcups  >&5
configure:6737: $? = 0
configure:6737: ./conftest
configure:6737: $? = 0
configure:6747: result: yes
configure:6768: checking for working memcmp
configure:6811: gcc -o conftest -g -O2   conftest.c -lncursesw -lcups  >&5
configure:6811: $? = 0
configure:6811: ./conftest
configure:6811: $? = 0
configure:6821: result: yes
configure:6832: checking for stdlib.h
configure:6832: result: yes
configure:6842: checking for GNU libc compatible realloc
configure:6866: gcc -o conftest -g -O2   conftest.c -lncursesw -lcups  >&5
configure:6866: $? = 0
configure:6866: ./conftest
configure:6866: $? = 0
configure:6876: result: yes
configure:6901: checking for lutimes
configure:6901: gcc -o conftest -g -O2   conftest.c -lncursesw -lcups  >&5
configure:6901: $? = 0
configure:6901: result: yes
configure:6901: checking for ftime
configure:6901: gcc -o conftest -g -O2   conftest.c -lncursesw -lcups  >&5
configure:6901: $? = 0
configure:6901: result: yes
configure:6901: checking for getpagesize
configure:6901: gcc -o conftest -g -O2   conftest.c -lncursesw -lcups  >&5
configure:6901: $? = 0
configure:6901: result: yes
configure:6901: checking for memset
configure:6901: gcc -o conftest -g -O2   conftest.c -lncursesw -lcups  >&5
conftest.c:68:6: warning: conflicting types for built-in function 'memset' [-Wbuiltin-declaration-mismatch]
 char memset ();
      ^~~~~~
configure:6901: $? = 0
configure:6901: result: yes
configure:6901: checking for putenv
configure:6901: gcc -o conftest -g -O2   conftest.c -lncursesw -lcups  >&5
configure:6901: $? = 0
configure:6901: result: yes
configure:6901: checking for strchr
configure:6901: gcc -o conftest -g -O2   conftest.c -lncursesw -lcups  >&5
conftest.c:70:6: warning: conflicting types for built-in function 'strchr' [-Wbuiltin-declaration-mismatch]
 char strchr ();
      ^~~~~~
configure:6901: $? = 0
configure:6901: result: yes
configure:6901: checking for strspn
configure:6901: gcc -o conftest -g -O2   conftest.c -lncursesw -lcups  >&5
conftest.c:71:6: warning: conflicting types for built-in function 'strspn' [-Wbuiltin-declaration-mismatch]
 char strspn ();
      ^~~~~~
configure:6901: $? = 0
configure:6901: result: yes
configure:6901: checking for strstr
configure:6901: gcc -o conftest -g -O2   conftest.c -lncursesw -lcups  >&5
conftest.c:72:6: warning: conflicting types for built-in function 'strstr' [-Wbuiltin-declaration-mismatch]
 char strstr ();
      ^~~~~~
configure:6901: $? = 0
configure:6901: result: yes
configure:6901: checking for strtol
configure:6901: gcc -o conftest -g -O2   conftest.c -lncursesw -lcups  >&5
configure:6901: $? = 0
configure:6901: result: yes
configure:7091: checking for pkg-config
configure:7109: found /usr/bin/pkg-config
configure:7121: result: /usr/bin/pkg-config
configure:7146: checking pkg-config is at least version 0.9.0
configure:7149: result: yes
configure:7159: checking for CHK_INSTALL_GTK3
configure:7166: $PKG_CONFIG --exists --print-errors "gtk+-3.0"
Package gtk+-3.0 was not found in the pkg-config search path.
Perhaps you should add the directory containing `gtk+-3.0.pc'
to the PKG_CONFIG_PATH environment variable
No package 'gtk+-3.0' found
configure:7169: $? = 1
configure:7183: $PKG_CONFIG --exists --print-errors "gtk+-3.0"
Package gtk+-3.0 was not found in the pkg-config search path.
Perhaps you should add the directory containing `gtk+-3.0.pc'
to the PKG_CONFIG_PATH environment variable
No package 'gtk+-3.0' found
configure:7186: $? = 1
configure:7200: result: no
No package 'gtk+-3.0' found
configure:7233: checking for CHK_INSTALL_GTK2
configure:7240: $PKG_CONFIG --exists --print-errors "gtk+-2.0"
configure:7243: $? = 0
configure:7257: $PKG_CONFIG --exists --print-errors "gtk+-2.0"
configure:7260: $? = 0
configure:7298: result: yes
configure:7309: checking for curses_version in -ltinfo
configure:7334: gcc -o conftest -g -O2   conftest.c -ltinfo  -lncursesw -lcups  >&5
configure:7334: $? = 0
configure:7343: result: yes
configure:7800: checking for CHK_VERSION_GTK2
configure:7807: $PKG_CONFIG --exists --print-errors "$deps_pkgs0"
configure:7810: $? = 0
configure:7824: $PKG_CONFIG --exists --print-errors "$deps_pkgs0"
configure:7827: $? = 0
configure:7871: result: yes
configure:7878: checking for CHK_VERSION_UNIX_PRINT
configure:7885: $PKG_CONFIG --exists --print-errors "${ac_cv_cache_print_unix}"
configure:7888: $? = 0
configure:7902: $PKG_CONFIG --exists --print-errors "${ac_cv_cache_print_unix}"
configure:7905: $? = 0
configure:7943: result: yes
configure:7950: checking for CHK_EXIST_GTK2_PRINT
configure:7957: $PKG_CONFIG --exists --print-errors "${ac_cv_cache_gtkversion} ${ac_cv_cache_print_unix}"
configure:7960: $? = 0
configure:7974: $PKG_CONFIG --exists --print-errors "${ac_cv_cache_gtkversion} ${ac_cv_cache_print_unix}"
configure:7977: $? = 0
configure:8035: result: yes
configure:8041: checking for CHK_EXIST_GTK2_LIBGNOME
configure:8048: $PKG_CONFIG --exists --print-errors "${ac_cv_cache_libgnome}"
configure:8051: $? = 0
configure:8065: $PKG_CONFIG --exists --print-errors "${ac_cv_cache_libgnome}"
configure:8068: $? = 0
configure:8126: result: yes
configure:8132: checking for CHK_EXIST_GTK2_GNOMEVFSMOD2
configure:8139: $PKG_CONFIG --exists --print-errors "gnome-vfs-module-2.0"
configure:8142: $? = 0
configure:8156: $PKG_CONFIG --exists --print-errors "gnome-vfs-module-2.0"
configure:8159: $? = 0
configure:8217: result: yes
configure:8223: checking for CHK_EXIST_GTK2_GNOMEVFS2
configure:8230: $PKG_CONFIG --exists --print-errors "gnome-vfs-2.0"
configure:8233: $? = 0
configure:8247: $PKG_CONFIG --exists --print-errors "gnome-vfs-2.0"
configure:8250: $? = 0
configure:8308: result: yes
configure:8314: checking for PACKAGE
configure:8321: $PKG_CONFIG --exists --print-errors "${ac_cv_cache_libgnome} gnome-vfs-2.0 gnome-vfs-module-2.0 ${ac_cv_cache_gtkversion} ${ac_cv_cache_print_unix}"
configure:8324: $? = 0
configure:8338: $PKG_CONFIG --exists --print-errors "${ac_cv_cache_libgnome} gnome-vfs-2.0 gnome-vfs-module-2.0 ${ac_cv_cache_gtkversion} ${ac_cv_cache_print_unix}"
configure:8341: $? = 0
configure:8399: result: yes
configure:8469: checking locale.h usability
configure:8469: gcc -c -DNOTRACE -DDUMMYPRINTF  -Wno-pointer-sign  -Wimplicit -Wformat=0 -Wreturn-type -Wunused -funsigned-char -O0 -D_FILE_OFFSET_BITS=64 -DLNX -DUNX -DLNXLC2 -DLNXLC2TL6  conftest.c >&5
configure:8469: $? = 0
configure:8469: result: yes
configure:8469: checking locale.h presence
configure:8469: gcc -E  conftest.c
configure:8469: $? = 0
configure:8469: result: yes
configure:8469: checking for locale.h
configure:8469: result: yes
configure:8480: checking for LC_MESSAGES
configure:8496: gcc -o conftest -DNOTRACE -DDUMMYPRINTF  -Wno-pointer-sign  -Wimplicit -Wformat=0 -Wreturn-type -Wunused -funsigned-char -O0 -D_FILE_OFFSET_BITS=64 -DLNX -DUNX -DLNXLC2 -DLNXLC2TL6   conftest.c -lncursesw -lcups  >&5
configure:8496: $? = 0
configure:8504: result: yes
configure:8522: checking for CFPreferencesCopyAppValue
configure:8540: gcc -o conftest -DNOTRACE -DDUMMYPRINTF  -Wno-pointer-sign  -Wimplicit -Wformat=0 -Wreturn-type -Wunused -funsigned-char -O0 -D_FILE_OFFSET_BITS=64 -DLNX -DUNX -DLNXLC2 -DLNXLC2TL6   conftest.c -lncursesw -lcups  -Wl,-framework -Wl,CoreFoundation >&5
conftest.c:54:10: fatal error: CoreFoundation/CFPreferences.h: No such file or directory
 #include <CoreFoundation/CFPreferences.h>
          ^~~~~~~~~~~~~~~~~~~~~~~~~~~~~~~~
compilation terminated.
configure:8540: $? = 1
configure: failed program was:
| /* confdefs.h */
| #define PACKAGE_NAME "gxe"
| #define PACKAGE_TARNAME "gxe"
| #define PACKAGE_VERSION "1.29"
| #define PACKAGE_STRING "gxe 1.29"
| #define PACKAGE_BUGREPORT ""
| #define PACKAGE_URL ""
| #define PACKAGE "gxe"
| #define VERSION "1.29"
| #define STDC_HEADERS 1
| #define HAVE_SYS_TYPES_H 1
| #define HAVE_SYS_STAT_H 1
| #define HAVE_STDLIB_H 1
| #define HAVE_STRING_H 1
| #define HAVE_MEMORY_H 1
| #define HAVE_STRINGS_H 1
| #define HAVE_INTTYPES_H 1
| #define HAVE_STDINT_H 1
| #define HAVE_UNISTD_H 1
| #define HAVE_FCNTL_H 1
| #define HAVE_STDDEF_H 1
| #define HAVE_STDLIB_H 1
| #define HAVE_STRING_H 1
| #define HAVE_SYS_TIMEB_H 1
| #define HAVE_SYS_VFS_H 1
| #define HAVE_UNISTD_H 1
| #define HAVE_TERM_H 1
| #define HAVE_NCURSESW_NCURSES_H 1
| #define HAVE_CUPS_CUPS_H 1
| #define HAVE_REGEX_H 1
| #define HAVE_ICONV_H 1
| #define HAVE_LIBCUPS 1
| #define HAVE_LIBNCURSESW 1
| #define TIME_WITH_SYS_TIME 1
| #define HAVE_ALLOCA_H 1
| #define HAVE_ALLOCA 1
| #define HAVE_STDLIB_H 1
| #define HAVE_MALLOC 1
| #define HAVE_STDLIB_H 1
| #define HAVE_REALLOC 1
| #define HAVE_LUTIMES 1
| #define HAVE_FTIME 1
| #define HAVE_GETPAGESIZE 1
| #define HAVE_MEMSET 1
| #define HAVE_PUTENV 1
| #define HAVE_STRCHR 1
| #define HAVE_STRSPN 1
| #define HAVE_STRSTR 1
| #define HAVE_STRTOL 1
| #define GETTEXT_PACKAGE "gxe"
| #define HAVE_LOCALE_H 1
| #define HAVE_LC_MESSAGES 1
| /* end confdefs.h.  */
| #include <CoreFoundation/CFPreferences.h>
| int
| main ()
| {
| CFPreferencesCopyAppValue(NULL, NULL)
|   ;
|   return 0;
| }
configure:8549: result: no
configure:8556: checking for CFLocaleCopyCurrent
configure:8574: gcc -o conftest -DNOTRACE -DDUMMYPRINTF  -Wno-pointer-sign  -Wimplicit -Wformat=0 -Wreturn-type -Wunused -funsigned-char -O0 -D_FILE_OFFSET_BITS=64 -DLNX -DUNX -DLNXLC2 -DLNXLC2TL6   conftest.c -lncursesw -lcups  -Wl,-framework -Wl,CoreFoundation >&5
conftest.c:54:10: fatal error: CoreFoundation/CFLocale.h: No such file or directory
 #include <CoreFoundation/CFLocale.h>
          ^~~~~~~~~~~~~~~~~~~~~~~~~~~
compilation terminated.
configure:8574: $? = 1
configure: failed program was:
| /* confdefs.h */
| #define PACKAGE_NAME "gxe"
| #define PACKAGE_TARNAME "gxe"
| #define PACKAGE_VERSION "1.29"
| #define PACKAGE_STRING "gxe 1.29"
| #define PACKAGE_BUGREPORT ""
| #define PACKAGE_URL ""
| #define PACKAGE "gxe"
| #define VERSION "1.29"
| #define STDC_HEADERS 1
| #define HAVE_SYS_TYPES_H 1
| #define HAVE_SYS_STAT_H 1
| #define HAVE_STDLIB_H 1
| #define HAVE_STRING_H 1
| #define HAVE_MEMORY_H 1
| #define HAVE_STRINGS_H 1
| #define HAVE_INTTYPES_H 1
| #define HAVE_STDINT_H 1
| #define HAVE_UNISTD_H 1
| #define HAVE_FCNTL_H 1
| #define HAVE_STDDEF_H 1
| #define HAVE_STDLIB_H 1
| #define HAVE_STRING_H 1
| #define HAVE_SYS_TIMEB_H 1
| #define HAVE_SYS_VFS_H 1
| #define HAVE_UNISTD_H 1
| #define HAVE_TERM_H 1
| #define HAVE_NCURSESW_NCURSES_H 1
| #define HAVE_CUPS_CUPS_H 1
| #define HAVE_REGEX_H 1
| #define HAVE_ICONV_H 1
| #define HAVE_LIBCUPS 1
| #define HAVE_LIBNCURSESW 1
| #define TIME_WITH_SYS_TIME 1
| #define HAVE_ALLOCA_H 1
| #define HAVE_ALLOCA 1
| #define HAVE_STDLIB_H 1
| #define HAVE_MALLOC 1
| #define HAVE_STDLIB_H 1
| #define HAVE_REALLOC 1
| #define HAVE_LUTIMES 1
| #define HAVE_FTIME 1
| #define HAVE_GETPAGESIZE 1
| #define HAVE_MEMSET 1
| #define HAVE_PUTENV 1
| #define HAVE_STRCHR 1
| #define HAVE_STRSPN 1
| #define HAVE_STRSTR 1
| #define HAVE_STRTOL 1
| #define GETTEXT_PACKAGE "gxe"
| #define HAVE_LOCALE_H 1
| #define HAVE_LC_MESSAGES 1
| /* end confdefs.h.  */
| #include <CoreFoundation/CFLocale.h>
| int
| main ()
| {
| CFLocaleCopyCurrent();
|   ;
|   return 0;
| }
configure:8583: result: no
configure:8597: checking libintl.h usability
configure:8597: gcc -c -DNOTRACE -DDUMMYPRINTF  -Wno-pointer-sign  -Wimplicit -Wformat=0 -Wreturn-type -Wunused -funsigned-char -O0 -D_FILE_OFFSET_BITS=64 -DLNX -DUNX -DLNXLC2 -DLNXLC2TL6  conftest.c >&5
configure:8597: $? = 0
configure:8597: result: yes
configure:8597: checking libintl.h presence
configure:8597: gcc -E  conftest.c
configure:8597: $? = 0
configure:8597: result: yes
configure:8597: checking for libintl.h
configure:8597: result: yes
configure:8605: checking for ngettext in libc
configure:8623: gcc -o conftest -DNOTRACE -DDUMMYPRINTF  -Wno-pointer-sign  -Wimplicit -Wformat=0 -Wreturn-type -Wunused -funsigned-char -O0 -D_FILE_OFFSET_BITS=64 -DLNX -DUNX -DLNXLC2 -DLNXLC2TL6   conftest.c -lncursesw -lcups  >&5
configure:8623: $? = 0
configure:8632: result: yes
configure:8636: checking for dgettext in libc
configure:8654: gcc -o conftest -DNOTRACE -DDUMMYPRINTF  -Wno-pointer-sign  -Wimplicit -Wformat=0 -Wreturn-type -Wunused -funsigned-char -O0 -D_FILE_OFFSET_BITS=64 -DLNX -DUNX -DLNXLC2 -DLNXLC2TL6   conftest.c -lncursesw -lcups  >&5
configure:8654: $? = 0
configure:8663: result: yes
configure:8670: checking for bind_textdomain_codeset
configure:8670: gcc -o conftest -DNOTRACE -DDUMMYPRINTF  -Wno-pointer-sign  -Wimplicit -Wformat=0 -Wreturn-type -Wunused -funsigned-char -O0 -D_FILE_OFFSET_BITS=64 -DLNX -DUNX -DLNXLC2 -DLNXLC2TL6   conftest.c -lncursesw -lcups  >&5
configure:8670: $? = 0
configure:8670: result: yes
configure:8946: checking for msgfmt
configure:8973: result: /usr/bin/msgfmt
configure:8984: checking for dcgettext
configure:8984: gcc -o conftest -DNOTRACE -DDUMMYPRINTF  -Wno-pointer-sign  -Wimplicit -Wformat=0 -Wreturn-type -Wunused -funsigned-char -O0 -D_FILE_OFFSET_BITS=64 -DLNX -DUNX -DLNXLC2 -DLNXLC2TL6   conftest.c -lncursesw -lcups   >&5
conftest.c:79:6: warning: conflicting types for built-in function 'dcgettext' [-Wbuiltin-declaration-mismatch]
 char dcgettext ();
      ^~~~~~~~~
configure:8984: $? = 0
configure:8984: result: yes
configure:8994: checking if msgfmt accepts -c
configure:9009: $MSGFMT -c -o /dev/null conftest.foo
conftest.foo:3: warning: header field 'Language' missing in header
configure:9012: $? = 0
configure:9014: result: yes
configure:9024: checking for gmsgfmt
configure:9055: result: /usr/bin/msgfmt
configure:9065: checking for xgettext
configure:9092: result: /usr/bin/xgettext
configure:9111: gcc -o conftest -DNOTRACE -DDUMMYPRINTF  -Wno-pointer-sign  -Wimplicit -Wformat=0 -Wreturn-type -Wunused -funsigned-char -O0 -D_FILE_OFFSET_BITS=64 -DLNX -DUNX -DLNXLC2 -DLNXLC2TL6   conftest.c -lncursesw -lcups   >&5
configure:9111: $? = 0
configure:9279: checking libgnomevfs/gnome-vfs-init.h usability
configure:9279: gcc -c -DNOTRACE -DDUMMYPRINTF  -Wno-pointer-sign  -Wimplicit -Wformat=0 -Wreturn-type -Wunused -funsigned-char -O0 -D_FILE_OFFSET_BITS=64 -DLNX -DUNX -DLNXLC2 -DLNXLC2TL6 -D_REENTRANT -DORBIT2=1 -pthread -I/usr/include/libgnomeui-2.0 -I/usr/include/gnome-keyring-1 -I/usr/include/libbonoboui-2.0 -I/usr/include/libxml2 -I/usr/include/libgnome-2.0 -I/usr/include/libbonobo-2.0 -I/usr/include/bonobo-activation-2.0 -I/usr/include/orbit-2.0 -I/usr/include/libgnomecanvas-2.0 -I/usr/include/gail-1.0 -I/usr/include/libart-2.0 -I/usr/include/gnome-vfs-2.0 -I/usr/lib/arm-linux-gnueabihf/gnome-vfs-2.0/include -I/usr/include/gnome-vfs-2.0 -I/usr/include/gnome-vfs-module-2.0 -I/usr/lib/arm-linux-gnueabihf/gnome-vfs-2.0/include -I/usr/include/gconf/2 -I/usr/include/dbus-1.0 -I/usr/lib/arm-linux-gnueabihf/dbus-1.0/include -I/usr/include/gtk-2.0 -I/usr/include/gtk-unix-print-2.0 -I/usr/include/gtk-2.0 -I/usr/lib/arm-linux-gnueabihf/gtk-2.0/include -I/usr/include/gio-unix-2.0 -I/usr/include/cairo -I/usr/include/pango-1.0 -I/usr/include/atk-1.0 -I/usr/include/cairo -I/usr/include/pixman-1 -I/usr/include/gdk-pixbuf-2.0 -I/usr/include/libmount -I/usr/include/blkid -I/usr/include/pango-1.0 -I/usr/include/harfbuzz -I/usr/include/pango-1.0 -I/usr/include/fribidi -I/usr/include/glib-2.0 -I/usr/lib/arm-linux-gnueabihf/glib-2.0/include -I/usr/include/uuid -I/usr/include/freetype2 -I/usr/include/libpng16 conftest.c >&5
configure:9279: $? = 0
configure:9279: result: yes
configure:9279: checking libgnomevfs/gnome-vfs-init.h presence
configure:9279: gcc -E -D_REENTRANT -DORBIT2=1 -pthread -I/usr/include/libgnomeui-2.0 -I/usr/include/gnome-keyring-1 -I/usr/include/libbonoboui-2.0 -I/usr/include/libxml2 -I/usr/include/libgnome-2.0 -I/usr/include/libbonobo-2.0 -I/usr/include/bonobo-activation-2.0 -I/usr/include/orbit-2.0 -I/usr/include/libgnomecanvas-2.0 -I/usr/include/gail-1.0 -I/usr/include/libart-2.0 -I/usr/include/gnome-vfs-2.0 -I/usr/lib/arm-linux-gnueabihf/gnome-vfs-2.0/include -I/usr/include/gnome-vfs-2.0 -I/usr/include/gnome-vfs-module-2.0 -I/usr/lib/arm-linux-gnueabihf/gnome-vfs-2.0/include -I/usr/include/gconf/2 -I/usr/include/dbus-1.0 -I/usr/lib/arm-linux-gnueabihf/dbus-1.0/include -I/usr/include/gtk-2.0 -I/usr/include/gtk-unix-print-2.0 -I/usr/include/gtk-2.0 -I/usr/lib/arm-linux-gnueabihf/gtk-2.0/include -I/usr/include/gio-unix-2.0 -I/usr/include/cairo -I/usr/include/pango-1.0 -I/usr/include/atk-1.0 -I/usr/include/cairo -I/usr/include/pixman-1 -I/usr/include/gdk-pixbuf-2.0 -I/usr/include/libmount -I/usr/include/blkid -I/usr/include/pango-1.0 -I/usr/include/harfbuzz -I/usr/include/pango-1.0 -I/usr/include/fribidi -I/usr/include/glib-2.0 -I/usr/lib/arm-linux-gnueabihf/glib-2.0/include -I/usr/include/uuid -I/usr/include/freetype2 -I/usr/include/libpng16 conftest.c
configure:9279: $? = 0
configure:9279: result: yes
configure:9279: checking for libgnomevfs/gnome-vfs-init.h
configure:9279: result: yes
configure:9291: checking libgnomevfs/gnome-vfs-mime.h usability
configure:9291: gcc -c -DNOTRACE -DDUMMYPRINTF  -Wno-pointer-sign  -Wimplicit -Wformat=0 -Wreturn-type -Wunused -funsigned-char -O0 -D_FILE_OFFSET_BITS=64 -DLNX -DUNX -DLNXLC2 -DLNXLC2TL6 -D_REENTRANT -DORBIT2=1 -pthread -I/usr/include/libgnomeui-2.0 -I/usr/include/gnome-keyring-1 -I/usr/include/libbonoboui-2.0 -I/usr/include/libxml2 -I/usr/include/libgnome-2.0 -I/usr/include/libbonobo-2.0 -I/usr/include/bonobo-activation-2.0 -I/usr/include/orbit-2.0 -I/usr/include/libgnomecanvas-2.0 -I/usr/include/gail-1.0 -I/usr/include/libart-2.0 -I/usr/include/gnome-vfs-2.0 -I/usr/lib/arm-linux-gnueabihf/gnome-vfs-2.0/include -I/usr/include/gnome-vfs-2.0 -I/usr/include/gnome-vfs-module-2.0 -I/usr/lib/arm-linux-gnueabihf/gnome-vfs-2.0/include -I/usr/include/gconf/2 -I/usr/include/dbus-1.0 -I/usr/lib/arm-linux-gnueabihf/dbus-1.0/include -I/usr/include/gtk-2.0 -I/usr/include/gtk-unix-print-2.0 -I/usr/include/gtk-2.0 -I/usr/lib/arm-linux-gnueabihf/gtk-2.0/include -I/usr/include/gio-unix-2.0 -I/usr/include/cairo -I/usr/include/pango-1.0 -I/usr/include/atk-1.0 -I/usr/include/cairo -I/usr/include/pixman-1 -I/usr/include/gdk-pixbuf-2.0 -I/usr/include/libmount -I/usr/include/blkid -I/usr/include/pango-1.0 -I/usr/include/harfbuzz -I/usr/include/pango-1.0 -I/usr/include/fribidi -I/usr/include/glib-2.0 -I/usr/lib/arm-linux-gnueabihf/glib-2.0/include -I/usr/include/uuid -I/usr/include/freetype2 -I/usr/include/libpng16 conftest.c >&5
configure:9291: $? = 0
configure:9291: result: yes
configure:9291: checking libgnomevfs/gnome-vfs-mime.h presence
configure:9291: gcc -E -D_REENTRANT -DORBIT2=1 -pthread -I/usr/include/libgnomeui-2.0 -I/usr/include/gnome-keyring-1 -I/usr/include/libbonoboui-2.0 -I/usr/include/libxml2 -I/usr/include/libgnome-2.0 -I/usr/include/libbonobo-2.0 -I/usr/include/bonobo-activation-2.0 -I/usr/include/orbit-2.0 -I/usr/include/libgnomecanvas-2.0 -I/usr/include/gail-1.0 -I/usr/include/libart-2.0 -I/usr/include/gnome-vfs-2.0 -I/usr/lib/arm-linux-gnueabihf/gnome-vfs-2.0/include -I/usr/include/gnome-vfs-2.0 -I/usr/include/gnome-vfs-module-2.0 -I/usr/lib/arm-linux-gnueabihf/gnome-vfs-2.0/include -I/usr/include/gconf/2 -I/usr/include/dbus-1.0 -I/usr/lib/arm-linux-gnueabihf/dbus-1.0/include -I/usr/include/gtk-2.0 -I/usr/include/gtk-unix-print-2.0 -I/usr/include/gtk-2.0 -I/usr/lib/arm-linux-gnueabihf/gtk-2.0/include -I/usr/include/gio-unix-2.0 -I/usr/include/cairo -I/usr/include/pango-1.0 -I/usr/include/atk-1.0 -I/usr/include/cairo -I/usr/include/pixman-1 -I/usr/include/gdk-pixbuf-2.0 -I/usr/include/libmount -I/usr/include/blkid -I/usr/include/pango-1.0 -I/usr/include/harfbuzz -I/usr/include/pango-1.0 -I/usr/include/fribidi -I/usr/include/glib-2.0 -I/usr/lib/arm-linux-gnueabihf/glib-2.0/include -I/usr/include/uuid -I/usr/include/freetype2 -I/usr/include/libpng16 conftest.c
configure:9291: $? = 0
configure:9291: result: yes
configure:9291: checking for libgnomevfs/gnome-vfs-mime.h
configure:9291: result: yes
configure:9551: checking that generated files are newer than configure
configure:9557: result: done
configure:9592: creating ./config.status

## ---------------------- ##
## Running config.status. ##
## ---------------------- ##

This file was extended by gxe config.status 1.29, which was
generated by GNU Autoconf 2.69.  Invocation command line was

  CONFIG_FILES    = 
  CONFIG_HEADERS  = 
  CONFIG_LINKS    = 
  CONFIG_COMMANDS = 
  $ ./config.status 

on ian.jesusdiedfor.me

config.status:1011: creating Makefile
config.status:1011: creating po/Makefile.in
config.status:1011: creating doc/Makefile
config.status:1011: creating src/Makefile
config.status:1011: creating src/xe/Makefile
config.status:1011: creating src/ulib/Makefile
config.status:1011: creating src/xsub/Makefile
config.status:1011: creating src/xp/Makefile
config.status:1011: creating gxe.desktop
config.status:1011: creating config.h
config.status:1240: executing depfiles commands
config.status:1240: executing default-1 commands

## ---------------- ##
## Cache variables. ##
## ---------------- ##

ac_cv_c_compiler_gnu=yes
ac_cv_c_const=yes
ac_cv_c_inline=inline
ac_cv_c_volatile=yes
ac_cv_cache_gtkprinter=gtk/gtkprinter.h
ac_cv_cache_gtkversion=gtk+-2.0
ac_cv_cache_libgnome=libgnomeui-2.0
ac_cv_cache_print_unix=gtk+-unix-print-2.0
ac_cv_env_CC_set=
ac_cv_env_CC_value=
ac_cv_env_CFLAGS_set=
ac_cv_env_CFLAGS_value=
ac_cv_env_CHK_EXIST_GTK2_GNOMEVFS2_CFLAGS_set=
ac_cv_env_CHK_EXIST_GTK2_GNOMEVFS2_CFLAGS_value=
ac_cv_env_CHK_EXIST_GTK2_GNOMEVFS2_LIBS_set=
ac_cv_env_CHK_EXIST_GTK2_GNOMEVFS2_LIBS_value=
ac_cv_env_CHK_EXIST_GTK2_GNOMEVFSMOD2_CFLAGS_set=
ac_cv_env_CHK_EXIST_GTK2_GNOMEVFSMOD2_CFLAGS_value=
ac_cv_env_CHK_EXIST_GTK2_GNOMEVFSMOD2_LIBS_set=
ac_cv_env_CHK_EXIST_GTK2_GNOMEVFSMOD2_LIBS_value=
ac_cv_env_CHK_EXIST_GTK2_LIBGNOME_CFLAGS_set=
ac_cv_env_CHK_EXIST_GTK2_LIBGNOME_CFLAGS_value=
ac_cv_env_CHK_EXIST_GTK2_LIBGNOME_LIBS_set=
ac_cv_env_CHK_EXIST_GTK2_LIBGNOME_LIBS_value=
ac_cv_env_CHK_EXIST_GTK2_PRINT_CFLAGS_set=
ac_cv_env_CHK_EXIST_GTK2_PRINT_CFLAGS_value=
ac_cv_env_CHK_EXIST_GTK2_PRINT_LIBS_set=
ac_cv_env_CHK_EXIST_GTK2_PRINT_LIBS_value=
ac_cv_env_CHK_EXIST_GTK3_GNOMEVFS2E_CFLAGS_set=
ac_cv_env_CHK_EXIST_GTK3_GNOMEVFS2E_CFLAGS_value=
ac_cv_env_CHK_EXIST_GTK3_GNOMEVFS2E_LIBS_set=
ac_cv_env_CHK_EXIST_GTK3_GNOMEVFS2E_LIBS_value=
ac_cv_env_CHK_EXIST_GTK3_LIBGNOME2_CFLAGS_set=
ac_cv_env_CHK_EXIST_GTK3_LIBGNOME2_CFLAGS_value=
ac_cv_env_CHK_EXIST_GTK3_LIBGNOME2_LIBS_set=
ac_cv_env_CHK_EXIST_GTK3_LIBGNOME2_LIBS_value=
ac_cv_env_CHK_INSTALL_GTK2_CFLAGS_set=
ac_cv_env_CHK_INSTALL_GTK2_CFLAGS_value=
ac_cv_env_CHK_INSTALL_GTK2_LIBS_set=
ac_cv_env_CHK_INSTALL_GTK2_LIBS_value=
ac_cv_env_CHK_INSTALL_GTK3_CFLAGS_set=
ac_cv_env_CHK_INSTALL_GTK3_CFLAGS_value=
ac_cv_env_CHK_INSTALL_GTK3_LIBS_set=
ac_cv_env_CHK_INSTALL_GTK3_LIBS_value=
ac_cv_env_CHK_VERSION_GTK2_CFLAGS_set=
ac_cv_env_CHK_VERSION_GTK2_CFLAGS_value=
ac_cv_env_CHK_VERSION_GTK2_LIBS_set=
ac_cv_env_CHK_VERSION_GTK2_LIBS_value=
ac_cv_env_CHK_VERSION_GTK3_CFLAGS_set=
ac_cv_env_CHK_VERSION_GTK3_CFLAGS_value=
ac_cv_env_CHK_VERSION_GTK3_LIBS_set=
ac_cv_env_CHK_VERSION_GTK3_LIBS_value=
ac_cv_env_CHK_VERSION_UNIX_PRINT_CFLAGS_set=
ac_cv_env_CHK_VERSION_UNIX_PRINT_CFLAGS_value=
ac_cv_env_CHK_VERSION_UNIX_PRINT_LIBS_set=
ac_cv_env_CHK_VERSION_UNIX_PRINT_LIBS_value=
ac_cv_env_CPPFLAGS_set=
ac_cv_env_CPPFLAGS_value=
ac_cv_env_CPP_set=
ac_cv_env_CPP_value=
ac_cv_env_LDFLAGS_set=
ac_cv_env_LDFLAGS_value=
ac_cv_env_LIBS_set=
ac_cv_env_LIBS_value=
ac_cv_env_PACKAGE_CFLAGS_set=
ac_cv_env_PACKAGE_CFLAGS_value=
ac_cv_env_PACKAGE_LIBS_set=
ac_cv_env_PACKAGE_LIBS_value=
ac_cv_env_PKG_CONFIG_LIBDIR_set=
ac_cv_env_PKG_CONFIG_LIBDIR_value=
ac_cv_env_PKG_CONFIG_PATH_set=
ac_cv_env_PKG_CONFIG_PATH_value=
ac_cv_env_PKG_CONFIG_set=
ac_cv_env_PKG_CONFIG_value=
ac_cv_env_build_alias_set=
ac_cv_env_build_alias_value=
ac_cv_env_host_alias_set=
ac_cv_env_host_alias_value=
ac_cv_env_target_alias_set=
ac_cv_env_target_alias_value=
ac_cv_func_alloca_works=yes
ac_cv_func_bind_textdomain_codeset=yes
ac_cv_func_dcgettext=yes
ac_cv_func_ftime=yes
ac_cv_func_getpagesize=yes
ac_cv_func_lutimes=yes
ac_cv_func_malloc_0_nonnull=yes
ac_cv_func_memcmp_working=yes
ac_cv_func_memset=yes
ac_cv_func_putenv=yes
ac_cv_func_realloc_0_nonnull=yes
ac_cv_func_strchr=yes
ac_cv_func_strspn=yes
ac_cv_func_strstr=yes
ac_cv_func_strtol=yes
ac_cv_header_cups_cups_h=yes
ac_cv_header_fcntl_h=yes
ac_cv_header_iconv_h=yes
ac_cv_header_inttypes_h=yes
ac_cv_header_libgnomevfs_gnome_vfs_init_h=yes
ac_cv_header_libgnomevfs_gnome_vfs_mime_h=yes
ac_cv_header_libintl_h=yes
ac_cv_header_locale_h=yes
ac_cv_header_memory_h=yes
ac_cv_header_ncursesw_ncurses_h=yes
ac_cv_header_regex_h=yes
ac_cv_header_stdc=yes
ac_cv_header_stddef_h=yes
ac_cv_header_stdint_h=yes
ac_cv_header_stdlib_h=yes
ac_cv_header_string_h=yes
ac_cv_header_strings_h=yes
ac_cv_header_sys_stat_h=yes
ac_cv_header_sys_timeb_h=yes
ac_cv_header_sys_types_h=yes
ac_cv_header_sys_vfs_h=yes
ac_cv_header_term_h=yes
ac_cv_header_time=yes
ac_cv_header_unistd_h=yes
ac_cv_lib_cups_cupsGetDests=yes
ac_cv_lib_ncursesw_initscr=yes
ac_cv_lib_tinfo_curses_version=yes
ac_cv_objext=o
ac_cv_path_EGREP='/bin/grep -E'
ac_cv_path_GMSGFMT=/usr/bin/msgfmt
ac_cv_path_GREP=/bin/grep
ac_cv_path_MSGFMT=/usr/bin/msgfmt
ac_cv_path_XGETTEXT=/usr/bin/xgettext
ac_cv_path_ac_pt_PKG_CONFIG=/usr/bin/pkg-config
ac_cv_path_install='/usr/bin/install -c'
ac_cv_path_mkdir=/bin/mkdir
ac_cv_prog_AWK=gawk
ac_cv_prog_CPP='gcc -E'
ac_cv_prog_ac_ct_CC=gcc
ac_cv_prog_ac_ct_RANLIB=ranlib
ac_cv_prog_cc_c89=
ac_cv_prog_cc_g=yes
ac_cv_prog_make_make_set=yes
ac_cv_search_strerror='none required'
ac_cv_struct_tm=time.h
ac_cv_type_mode_t=yes
ac_cv_type_pid_t=yes
ac_cv_type_size_t=yes
ac_cv_type_uid_t=yes
ac_cv_working_alloca_h=yes
am_cv_CC_dependencies_compiler_type=gcc3
am_cv_make_support_nested_variables=yes
am_cv_prog_cc_c_o=yes
am_cv_prog_cc_stdc=
am_cv_val_LC_MESSAGES=yes
gt_cv_func_CFLocaleCopyCurrent=no
gt_cv_func_CFPreferencesCopyAppValue=no
gt_cv_func_dgettext_libc=yes
gt_cv_func_dgettext_libintl=no
gt_cv_func_ngettext_libc=yes
gt_cv_have_gettext=yes
pkg_cv_CHK_EXIST_GTK2_GNOMEVFS2_CFLAGS='-pthread -I/usr/include/gnome-vfs-2.0 -I/usr/lib/arm-linux-gnueabihf/gnome-vfs-2.0/include -I/usr/include/gconf/2 -I/usr/include/dbus-1.0 -I/usr/lib/arm-linux-gnueabihf/dbus-1.0/include -I/usr/include/libmount -I/usr/include/blkid -I/usr/include/uuid -I/usr/include/glib-2.0 -I/usr/lib/arm-linux-gnueabihf/glib-2.0/include'
pkg_cv_CHK_EXIST_GTK2_GNOMEVFS2_LIBS='-lgnomevfs-2 -lgconf-2 -lgthread-2.0 -pthread -lgmodule-2.0 -pthread -lgobject-2.0 -lglib-2.0'
pkg_cv_CHK_EXIST_GTK2_GNOMEVFSMOD2_CFLAGS='-pthread -I/usr/include/gnome-vfs-2.0 -I/usr/include/gnome-vfs-module-2.0 -I/usr/lib/arm-linux-gnueabihf/gnome-vfs-2.0/include -I/usr/include/gconf/2 -I/usr/include/dbus-1.0 -I/usr/lib/arm-linux-gnueabihf/dbus-1.0/include -I/usr/include/libmount -I/usr/include/blkid -I/usr/include/uuid -I/usr/include/glib-2.0 -I/usr/lib/arm-linux-gnueabihf/glib-2.0/include'
pkg_cv_CHK_EXIST_GTK2_GNOMEVFSMOD2_LIBS='-lgnomevfs-2 -lgconf-2 -lgthread-2.0 -pthread -lgmodule-2.0 -pthread -lgobject-2.0 -lglib-2.0'
pkg_cv_CHK_EXIST_GTK2_LIBGNOME_CFLAGS='-D_REENTRANT -DORBIT2=1 -pthread -I/usr/include/libgnomeui-2.0 -I/usr/include/gnome-keyring-1 -I/usr/include/libbonoboui-2.0 -I/usr/include/libxml2 -I/usr/include/libgnome-2.0 -I/usr/include/libbonobo-2.0 -I/usr/include/bonobo-activation-2.0 -I/usr/include/orbit-2.0 -I/usr/include/libgnomecanvas-2.0 -I/usr/include/gail-1.0 -I/usr/include/libart-2.0 -I/usr/include/gtk-2.0 -I/usr/lib/arm-linux-gnueabihf/gtk-2.0/include -I/usr/include/gio-unix-2.0 -I/usr/include/cairo -I/usr/include/pango-1.0 -I/usr/include/atk-1.0 -I/usr/include/cairo -I/usr/include/pixman-1 -I/usr/include/pango-1.0 -I/usr/include/harfbuzz -I/usr/include/pango-1.0 -I/usr/include/fribidi -I/usr/include/freetype2 -I/usr/include/libpng16 -I/usr/include/gdk-pixbuf-2.0 -I/usr/include/gnome-vfs-2.0 -I/usr/lib/arm-linux-gnueabihf/gnome-vfs-2.0/include -I/usr/include/gconf/2 -I/usr/include/dbus-1.0 -I/usr/lib/arm-linux-gnueabihf/dbus-1.0/include -I/usr/include/libmount -I/usr/include/blkid -I/usr/include/uuid -I/usr/include/glib-2.0 -I/usr/lib/arm-linux-gnueabihf/glib-2.0/include'
pkg_cv_CHK_EXIST_GTK2_LIBGNOME_LIBS='-lgnomeui-2 -lSM -lICE -lbonoboui-2 -lgnome-2 -lpopt -lbonobo-2 -lbonobo-activation -lORBit-2 -lgnomecanvas-2 -lart_lgpl_2 -lgtk-x11-2.0 -lgdk-x11-2.0 -lpangocairo-1.0 -latk-1.0 -lcairo -lgio-2.0 -lpangoft2-1.0 -lpango-1.0 -lfontconfig -lfreetype -lgdk_pixbuf-2.0 -lgnomevfs-2 -lgconf-2 -lgthread-2.0 -pthread -lgmodule-2.0 -pthread -lgobject-2.0 -lglib-2.0'
pkg_cv_CHK_EXIST_GTK2_PRINT_CFLAGS='-pthread -I/usr/include/gtk-2.0 -I/usr/include/gtk-unix-print-2.0 -I/usr/include/gtk-2.0 -I/usr/lib/arm-linux-gnueabihf/gtk-2.0/include -I/usr/include/gio-unix-2.0 -I/usr/include/cairo -I/usr/include/pango-1.0 -I/usr/include/atk-1.0 -I/usr/include/cairo -I/usr/include/pixman-1 -I/usr/include/gdk-pixbuf-2.0 -I/usr/include/libmount -I/usr/include/blkid -I/usr/include/pango-1.0 -I/usr/include/harfbuzz -I/usr/include/pango-1.0 -I/usr/include/fribidi -I/usr/include/glib-2.0 -I/usr/lib/arm-linux-gnueabihf/glib-2.0/include -I/usr/include/uuid -I/usr/include/freetype2 -I/usr/include/libpng16'
pkg_cv_CHK_EXIST_GTK2_PRINT_LIBS='-lgtk-x11-2.0 -lgdk-x11-2.0 -lpangocairo-1.0 -latk-1.0 -lcairo -lgdk_pixbuf-2.0 -lgio-2.0 -lpangoft2-1.0 -lpango-1.0 -lgobject-2.0 -lglib-2.0 -lfontconfig -lfreetype'
pkg_cv_CHK_INSTALL_GTK2_CFLAGS='-pthread -I/usr/include/gtk-2.0 -I/usr/lib/arm-linux-gnueabihf/gtk-2.0/include -I/usr/include/gio-unix-2.0 -I/usr/include/cairo -I/usr/include/pango-1.0 -I/usr/include/atk-1.0 -I/usr/include/cairo -I/usr/include/pixman-1 -I/usr/include/gdk-pixbuf-2.0 -I/usr/include/libmount -I/usr/include/blkid -I/usr/include/pango-1.0 -I/usr/include/harfbuzz -I/usr/include/pango-1.0 -I/usr/include/fribidi -I/usr/include/glib-2.0 -I/usr/lib/arm-linux-gnueabihf/glib-2.0/include -I/usr/include/uuid -I/usr/include/freetype2 -I/usr/include/libpng16'
pkg_cv_CHK_INSTALL_GTK2_LIBS='-lgtk-x11-2.0 -lgdk-x11-2.0 -lpangocairo-1.0 -latk-1.0 -lcairo -lgdk_pixbuf-2.0 -lgio-2.0 -lpangoft2-1.0 -lpango-1.0 -lgobject-2.0 -lglib-2.0 -lfontconfig -lfreetype'
pkg_cv_CHK_VERSION_GTK2_CFLAGS='-pthread -I/usr/include/gtk-2.0 -I/usr/lib/arm-linux-gnueabihf/gtk-2.0/include -I/usr/include/gio-unix-2.0 -I/usr/include/cairo -I/usr/include/pango-1.0 -I/usr/include/atk-1.0 -I/usr/include/cairo -I/usr/include/pixman-1 -I/usr/include/gdk-pixbuf-2.0 -I/usr/include/libmount -I/usr/include/blkid -I/usr/include/pango-1.0 -I/usr/include/harfbuzz -I/usr/include/pango-1.0 -I/usr/include/fribidi -I/usr/include/glib-2.0 -I/usr/lib/arm-linux-gnueabihf/glib-2.0/include -I/usr/include/uuid -I/usr/include/freetype2 -I/usr/include/libpng16'
pkg_cv_CHK_VERSION_GTK2_LIBS='-lgtk-x11-2.0 -lgdk-x11-2.0 -lpangocairo-1.0 -latk-1.0 -lcairo -lgdk_pixbuf-2.0 -lgio-2.0 -lpangoft2-1.0 -lpango-1.0 -lgobject-2.0 -lglib-2.0 -lfontconfig -lfreetype'
pkg_cv_CHK_VERSION_UNIX_PRINT_CFLAGS='-pthread -I/usr/include/gtk-unix-print-2.0 -I/usr/include/gtk-2.0 -I/usr/lib/arm-linux-gnueabihf/gtk-2.0/include -I/usr/include/gio-unix-2.0 -I/usr/include/cairo -I/usr/include/pango-1.0 -I/usr/include/atk-1.0 -I/usr/include/cairo -I/usr/include/pixman-1 -I/usr/include/gdk-pixbuf-2.0 -I/usr/include/libmount -I/usr/include/blkid -I/usr/include/pango-1.0 -I/usr/include/harfbuzz -I/usr/include/pango-1.0 -I/usr/include/fribidi -I/usr/include/glib-2.0 -I/usr/lib/arm-linux-gnueabihf/glib-2.0/include -I/usr/include/uuid -I/usr/include/freetype2 -I/usr/include/libpng16'
pkg_cv_CHK_VERSION_UNIX_PRINT_LIBS='-lgtk-x11-2.0 -lgdk-x11-2.0 -lpangocairo-1.0 -latk-1.0 -lcairo -lgdk_pixbuf-2.0 -lgio-2.0 -lpangoft2-1.0 -lpango-1.0 -lgobject-2.0 -lglib-2.0 -lfontconfig -lfreetype'
pkg_cv_PACKAGE_CFLAGS='-D_REENTRANT -DORBIT2=1 -pthread -I/usr/include/libgnomeui-2.0 -I/usr/include/gnome-keyring-1 -I/usr/include/libbonoboui-2.0 -I/usr/include/libxml2 -I/usr/include/libgnome-2.0 -I/usr/include/libbonobo-2.0 -I/usr/include/bonobo-activation-2.0 -I/usr/include/orbit-2.0 -I/usr/include/libgnomecanvas-2.0 -I/usr/include/gail-1.0 -I/usr/include/libart-2.0 -I/usr/include/gnome-vfs-2.0 -I/usr/lib/arm-linux-gnueabihf/gnome-vfs-2.0/include -I/usr/include/gnome-vfs-2.0 -I/usr/include/gnome-vfs-module-2.0 -I/usr/lib/arm-linux-gnueabihf/gnome-vfs-2.0/include -I/usr/include/gconf/2 -I/usr/include/dbus-1.0 -I/usr/lib/arm-linux-gnueabihf/dbus-1.0/include -I/usr/include/gtk-2.0 -I/usr/include/gtk-unix-print-2.0 -I/usr/include/gtk-2.0 -I/usr/lib/arm-linux-gnueabihf/gtk-2.0/include -I/usr/include/gio-unix-2.0 -I/usr/include/cairo -I/usr/include/pango-1.0 -I/usr/include/atk-1.0 -I/usr/include/cairo -I/usr/include/pixman-1 -I/usr/include/gdk-pixbuf-2.0 -I/usr/include/libmount -I/usr/include/blkid -I/usr/include/pango-1.0 -I/usr/include/harfbuzz -I/usr/include/pango-1.0 -I/usr/include/fribidi -I/usr/include/glib-2.0 -I/usr/lib/arm-linux-gnueabihf/glib-2.0/include -I/usr/include/uuid -I/usr/include/freetype2 -I/usr/include/libpng16'
pkg_cv_PACKAGE_LIBS='-lgnomeui-2 -lSM -lICE -lbonoboui-2 -lgnome-2 -lpopt -lbonobo-2 -lbonobo-activation -lORBit-2 -lgnomecanvas-2 -lart_lgpl_2 -lgnomevfs-2 -lgconf-2 -lgthread-2.0 -pthread -lgmodule-2.0 -pthread -lgtk-x11-2.0 -lgdk-x11-2.0 -lpangocairo-1.0 -latk-1.0 -lcairo -lgdk_pixbuf-2.0 -lgio-2.0 -lpangoft2-1.0 -lpango-1.0 -lgobject-2.0 -lglib-2.0 -lfontconfig -lfreetype'

## ----------------- ##
## Output variables. ##
## ----------------- ##

ACLOCAL='${SHELL} /home/pi/Projects/XE/gxe-1.29/missing aclocal-1.15'
ALLOCA=''
AMDEPBACKSLASH='\'
AMDEP_FALSE='#'
AMDEP_TRUE=''
AMTAR='$${TAR-tar}'
AM_BACKSLASH='\'
AM_DEFAULT_V='$(AM_DEFAULT_VERBOSITY)'
AM_DEFAULT_VERBOSITY='1'
AM_V='$(V)'
AUTOCONF='${SHELL} /home/pi/Projects/XE/gxe-1.29/missing autoconf'
AUTOHEADER='${SHELL} /home/pi/Projects/XE/gxe-1.29/missing autoheader'
AUTOMAKE='${SHELL} /home/pi/Projects/XE/gxe-1.29/missing automake-1.15'
AWK='gawk'
CATALOGS=''
CATOBJEXT='.gmo'
CC='gcc'
CCDEPMODE='depmode=gcc3'
CFLAGS='-DNOTRACE -DDUMMYPRINTF  -Wno-pointer-sign  -Wimplicit -Wformat=0 -Wreturn-type -Wunused -funsigned-char -O0 -D_FILE_OFFSET_BITS=64 -DLNX -DUNX -DLNXLC2 -DLNXLC2TL6'
CFLAGS_MAKE_GXE='gxe'
CFLAGS_PRINT='-DGTKPRINT'
CFLAGS_PRINT_GXP='gxp'
CHK_EXIST_GTK2_GNOMEVFS2_CFLAGS='-pthread -I/usr/include/gnome-vfs-2.0 -I/usr/lib/arm-linux-gnueabihf/gnome-vfs-2.0/include -I/usr/include/gconf/2 -I/usr/include/dbus-1.0 -I/usr/lib/arm-linux-gnueabihf/dbus-1.0/include -I/usr/include/libmount -I/usr/include/blkid -I/usr/include/uuid -I/usr/include/glib-2.0 -I/usr/lib/arm-linux-gnueabihf/glib-2.0/include'
CHK_EXIST_GTK2_GNOMEVFS2_LIBS='-lgnomevfs-2 -lgconf-2 -lgthread-2.0 -pthread -lgmodule-2.0 -pthread -lgobject-2.0 -lglib-2.0'
CHK_EXIST_GTK2_GNOMEVFSMOD2_CFLAGS='-pthread -I/usr/include/gnome-vfs-2.0 -I/usr/include/gnome-vfs-module-2.0 -I/usr/lib/arm-linux-gnueabihf/gnome-vfs-2.0/include -I/usr/include/gconf/2 -I/usr/include/dbus-1.0 -I/usr/lib/arm-linux-gnueabihf/dbus-1.0/include -I/usr/include/libmount -I/usr/include/blkid -I/usr/include/uuid -I/usr/include/glib-2.0 -I/usr/lib/arm-linux-gnueabihf/glib-2.0/include'
CHK_EXIST_GTK2_GNOMEVFSMOD2_LIBS='-lgnomevfs-2 -lgconf-2 -lgthread-2.0 -pthread -lgmodule-2.0 -pthread -lgobject-2.0 -lglib-2.0'
CHK_EXIST_GTK2_LIBGNOME_CFLAGS='-D_REENTRANT -DORBIT2=1 -pthread -I/usr/include/libgnomeui-2.0 -I/usr/include/gnome-keyring-1 -I/usr/include/libbonoboui-2.0 -I/usr/include/libxml2 -I/usr/include/libgnome-2.0 -I/usr/include/libbonobo-2.0 -I/usr/include/bonobo-activation-2.0 -I/usr/include/orbit-2.0 -I/usr/include/libgnomecanvas-2.0 -I/usr/include/gail-1.0 -I/usr/include/libart-2.0 -I/usr/include/gtk-2.0 -I/usr/lib/arm-linux-gnueabihf/gtk-2.0/include -I/usr/include/gio-unix-2.0 -I/usr/include/cairo -I/usr/include/pango-1.0 -I/usr/include/atk-1.0 -I/usr/include/cairo -I/usr/include/pixman-1 -I/usr/include/pango-1.0 -I/usr/include/harfbuzz -I/usr/include/pango-1.0 -I/usr/include/fribidi -I/usr/include/freetype2 -I/usr/include/libpng16 -I/usr/include/gdk-pixbuf-2.0 -I/usr/include/gnome-vfs-2.0 -I/usr/lib/arm-linux-gnueabihf/gnome-vfs-2.0/include -I/usr/include/gconf/2 -I/usr/include/dbus-1.0 -I/usr/lib/arm-linux-gnueabihf/dbus-1.0/include -I/usr/include/libmount -I/usr/include/blkid -I/usr/include/uuid -I/usr/include/glib-2.0 -I/usr/lib/arm-linux-gnueabihf/glib-2.0/include'
CHK_EXIST_GTK2_LIBGNOME_LIBS='-lgnomeui-2 -lSM -lICE -lbonoboui-2 -lgnome-2 -lpopt -lbonobo-2 -lbonobo-activation -lORBit-2 -lgnomecanvas-2 -lart_lgpl_2 -lgtk-x11-2.0 -lgdk-x11-2.0 -lpangocairo-1.0 -latk-1.0 -lcairo -lgio-2.0 -lpangoft2-1.0 -lpango-1.0 -lfontconfig -lfreetype -lgdk_pixbuf-2.0 -lgnomevfs-2 -lgconf-2 -lgthread-2.0 -pthread -lgmodule-2.0 -pthread -lgobject-2.0 -lglib-2.0'
CHK_EXIST_GTK2_PRINT_CFLAGS='-pthread -I/usr/include/gtk-2.0 -I/usr/include/gtk-unix-print-2.0 -I/usr/include/gtk-2.0 -I/usr/lib/arm-linux-gnueabihf/gtk-2.0/include -I/usr/include/gio-unix-2.0 -I/usr/include/cairo -I/usr/include/pango-1.0 -I/usr/include/atk-1.0 -I/usr/include/cairo -I/usr/include/pixman-1 -I/usr/include/gdk-pixbuf-2.0 -I/usr/include/libmount -I/usr/include/blkid -I/usr/include/pango-1.0 -I/usr/include/harfbuzz -I/usr/include/pango-1.0 -I/usr/include/fribidi -I/usr/include/glib-2.0 -I/usr/lib/arm-linux-gnueabihf/glib-2.0/include -I/usr/include/uuid -I/usr/include/freetype2 -I/usr/include/libpng16'
CHK_EXIST_GTK2_PRINT_LIBS='-lgtk-x11-2.0 -lgdk-x11-2.0 -lpangocairo-1.0 -latk-1.0 -lcairo -lgdk_pixbuf-2.0 -lgio-2.0 -lpangoft2-1.0 -lpango-1.0 -lgobject-2.0 -lglib-2.0 -lfontconfig -lfreetype'
CHK_EXIST_GTK3_GNOMEVFS2E_CFLAGS=''
CHK_EXIST_GTK3_GNOMEVFS2E_LIBS=''
CHK_EXIST_GTK3_LIBGNOME2_CFLAGS=''
CHK_EXIST_GTK3_LIBGNOME2_LIBS=''
CHK_INSTALL_GTK2_CFLAGS='-pthread -I/usr/include/gtk-2.0 -I/usr/lib/arm-linux-gnueabihf/gtk-2.0/include -I/usr/include/gio-unix-2.0 -I/usr/include/cairo -I/usr/include/pango-1.0 -I/usr/include/atk-1.0 -I/usr/include/cairo -I/usr/include/pixman-1 -I/usr/include/gdk-pixbuf-2.0 -I/usr/include/libmount -I/usr/include/blkid -I/usr/include/pango-1.0 -I/usr/include/harfbuzz -I/usr/include/pango-1.0 -I/usr/include/fribidi -I/usr/include/glib-2.0 -I/usr/lib/arm-linux-gnueabihf/glib-2.0/include -I/usr/include/uuid -I/usr/include/freetype2 -I/usr/include/libpng16'
CHK_INSTALL_GTK2_LIBS='-lgtk-x11-2.0 -lgdk-x11-2.0 -lpangocairo-1.0 -latk-1.0 -lcairo -lgdk_pixbuf-2.0 -lgio-2.0 -lpangoft2-1.0 -lpango-1.0 -lgobject-2.0 -lglib-2.0 -lfontconfig -lfreetype'
CHK_INSTALL_GTK3_CFLAGS=''
CHK_INSTALL_GTK3_LIBS=''
CHK_VERSION_GTK2_CFLAGS='-pthread -I/usr/include/gtk-2.0 -I/usr/lib/arm-linux-gnueabihf/gtk-2.0/include -I/usr/include/gio-unix-2.0 -I/usr/include/cairo -I/usr/include/pango-1.0 -I/usr/include/atk-1.0 -I/usr/include/cairo -I/usr/include/pixman-1 -I/usr/include/gdk-pixbuf-2.0 -I/usr/include/libmount -I/usr/include/blkid -I/usr/include/pango-1.0 -I/usr/include/harfbuzz -I/usr/include/pango-1.0 -I/usr/include/fribidi -I/usr/include/glib-2.0 -I/usr/lib/arm-linux-gnueabihf/glib-2.0/include -I/usr/include/uuid -I/usr/include/freetype2 -I/usr/include/libpng16'
CHK_VERSION_GTK2_LIBS='-lgtk-x11-2.0 -lgdk-x11-2.0 -lpangocairo-1.0 -latk-1.0 -lcairo -lgdk_pixbuf-2.0 -lgio-2.0 -lpangoft2-1.0 -lpango-1.0 -lgobject-2.0 -lglib-2.0 -lfontconfig -lfreetype'
CHK_VERSION_GTK3_CFLAGS=''
CHK_VERSION_GTK3_LIBS=''
CHK_VERSION_UNIX_PRINT_CFLAGS='-pthread -I/usr/include/gtk-unix-print-2.0 -I/usr/include/gtk-2.0 -I/usr/lib/arm-linux-gnueabihf/gtk-2.0/include -I/usr/include/gio-unix-2.0 -I/usr/include/cairo -I/usr/include/pango-1.0 -I/usr/include/atk-1.0 -I/usr/include/cairo -I/usr/include/pixman-1 -I/usr/include/gdk-pixbuf-2.0 -I/usr/include/libmount -I/usr/include/blkid -I/usr/include/pango-1.0 -I/usr/include/harfbuzz -I/usr/include/pango-1.0 -I/usr/include/fribidi -I/usr/include/glib-2.0 -I/usr/lib/arm-linux-gnueabihf/glib-2.0/include -I/usr/include/uuid -I/usr/include/freetype2 -I/usr/include/libpng16'
CHK_VERSION_UNIX_PRINT_LIBS='-lgtk-x11-2.0 -lgdk-x11-2.0 -lpangocairo-1.0 -latk-1.0 -lcairo -lgdk_pixbuf-2.0 -lgio-2.0 -lpangoft2-1.0 -lpango-1.0 -lgobject-2.0 -lglib-2.0 -lfontconfig -lfreetype'
CPP='gcc -E'
CPPFLAGS=''
CYGPATH_W='echo'
DATADIRNAME='share'
DEFS='-DHAVE_CONFIG_H'
DEPDIR='.deps'
ECHO_C=''
ECHO_N='-n'
ECHO_T=''
EGREP='/bin/grep -E'
EXEEXT=''
GETTEXT_PACKAGE='gxe'
GMOFILES=''
GMSGFMT='/usr/bin/msgfmt'
GREP='/bin/grep'
INSTALL_DATA='${INSTALL} -m 644'
INSTALL_PROGRAM='${INSTALL}'
INSTALL_SCRIPT='${INSTALL}'
INSTALL_STRIP_PROGRAM='$(install_sh) -c -s'
INSTOBJEXT='.mo'
INTLLIBS=''
INTL_MACOSX_LIBS=''
LDFLAGS=''
LD_NCURSES='-ltinfo'
LIBOBJS=''
LIBS='-lncursesw -lcups '
LN_S='ln -s'
LTLIBOBJS=''
MAINT='#'
MAINTAINER_MODE_FALSE=''
MAINTAINER_MODE_TRUE='#'
MAKEINFO='${SHELL} /home/pi/Projects/XE/gxe-1.29/missing makeinfo'
MKDIR_P='/bin/mkdir -p'
MKINSTALLDIRS='./mkinstalldirs'
MSGFMT='/usr/bin/msgfmt'
MSGFMT_OPTS='-c'
NO_PREFIX_PACKAGE_DATA_DIR='share'
NO_PREFIX_PACKAGE_DOC_DIR='doc/gxe'
NO_PREFIX_PACKAGE_HELP_DIR='share/gnome/help/gxe'
NO_PREFIX_PACKAGE_MENU_DIR='share/gnome/apps'
NO_PREFIX_PACKAGE_PIXMAPS_DIR='share/pixmaps/gxe'
OBJEXT='o'
PACKAGE='gxe'
PACKAGE_BUGREPORT=''
PACKAGE_CFLAGS='-D_REENTRANT -DORBIT2=1 -pthread -I/usr/include/libgnomeui-2.0 -I/usr/include/gnome-keyring-1 -I/usr/include/libbonoboui-2.0 -I/usr/include/libxml2 -I/usr/include/libgnome-2.0 -I/usr/include/libbonobo-2.0 -I/usr/include/bonobo-activation-2.0 -I/usr/include/orbit-2.0 -I/usr/include/libgnomecanvas-2.0 -I/usr/include/gail-1.0 -I/usr/include/libart-2.0 -I/usr/include/gnome-vfs-2.0 -I/usr/lib/arm-linux-gnueabihf/gnome-vfs-2.0/include -I/usr/include/gnome-vfs-2.0 -I/usr/include/gnome-vfs-module-2.0 -I/usr/lib/arm-linux-gnueabihf/gnome-vfs-2.0/include -I/usr/include/gconf/2 -I/usr/include/dbus-1.0 -I/usr/lib/arm-linux-gnueabihf/dbus-1.0/include -I/usr/include/gtk-2.0 -I/usr/include/gtk-unix-print-2.0 -I/usr/include/gtk-2.0 -I/usr/lib/arm-linux-gnueabihf/gtk-2.0/include -I/usr/include/gio-unix-2.0 -I/usr/include/cairo -I/usr/include/pango-1.0 -I/usr/include/atk-1.0 -I/usr/include/cairo -I/usr/include/pixman-1 -I/usr/include/gdk-pixbuf-2.0 -I/usr/include/libmount -I/usr/include/blkid -I/usr/include/pango-1.0 -I/usr/include/harfbuzz -I/usr/include/pango-1.0 -I/usr/include/fribidi -I/usr/include/glib-2.0 -I/usr/lib/arm-linux-gnueabihf/glib-2.0/include -I/usr/include/uuid -I/usr/include/freetype2 -I/usr/include/libpng16'
PACKAGE_DATA_DIR='/usr/local/share'
PACKAGE_DOC_DIR='/usr/local/doc/gxe'
PACKAGE_HELP_DIR='/usr/local/share/gnome/help/gxe'
PACKAGE_LIBS='-lgnomeui-2 -lSM -lICE -lbonoboui-2 -lgnome-2 -lpopt -lbonobo-2 -lbonobo-activation -lORBit-2 -lgnomecanvas-2 -lart_lgpl_2 -lgnomevfs-2 -lgconf-2 -lgthread-2.0 -pthread -lgmodule-2.0 -pthread -lgtk-x11-2.0 -lgdk-x11-2.0 -lpangocairo-1.0 -latk-1.0 -lcairo -lgdk_pixbuf-2.0 -lgio-2.0 -lpangoft2-1.0 -lpango-1.0 -lgobject-2.0 -lglib-2.0 -lfontconfig -lfreetype'
PACKAGE_MENU_DIR='/usr/local/share/gnome/apps'
PACKAGE_NAME='gxe'
PACKAGE_PIXMAPS_DIR='/usr/local/share/pixmaps/gxe'
PACKAGE_STRING='gxe 1.29'
PACKAGE_TARNAME='gxe'
PACKAGE_URL=''
PACKAGE_VERSION='1.29'
PATH_SEPARATOR=':'
PKG_CONFIG='/usr/bin/pkg-config'
PKG_CONFIG_LIBDIR=''
PKG_CONFIG_PATH=''
POFILES=''
POSUB='po'
PO_IN_DATADIR_FALSE=''
PO_IN_DATADIR_TRUE=''
RANLIB='ranlib'
SET_MAKE=''
SHELL='/bin/bash'
STRIP=''
USE_NLS='yes'
VERSION='1.29'
XGETTEXT='/usr/bin/xgettext'
ac_ct_CC='gcc'
am__EXEEXT_FALSE=''
am__EXEEXT_TRUE='#'
am__fastdepCC_FALSE='#'
am__fastdepCC_TRUE=''
am__include='include'
am__isrc=''
am__leading_dot='.'
am__nodep='_no'
am__quote=''
am__tar='$${TAR-tar} chof - "$$tardir"'
am__untar='$${TAR-tar} xf -'
am_isrc=''
bindir='${exec_prefix}/bin'
build_alias=''
datadir='${datarootdir}'
datarootdir='${prefix}/share'
docdir='${datarootdir}/doc/${PACKAGE_TARNAME}'
dvidir='${docdir}'
exec_prefix='${prefix}'
host_alias=''
htmldir='${docdir}'
includedir='${prefix}/include'
infodir='${datarootdir}/info'
install_sh='${SHELL} /home/pi/Projects/XE/gxe-1.29/install-sh'
libdir='${exec_prefix}/lib'
libexecdir='${exec_prefix}/libexec'
localedir='${datarootdir}/locale'
localstatedir='${prefix}/var'
mandir='${datarootdir}/man'
mkdir_p='$(MKDIR_P)'
oldincludedir='/usr/include'
pdfdir='${docdir}'
prefix='/usr/local'
program_transform_name='s,x,x,'
psdir='${docdir}'
runstatedir='${localstatedir}/run'
sbindir='${exec_prefix}/sbin'
sharedstatedir='${prefix}/com'
sysconfdir='${prefix}/etc'
target_alias=''

## ----------- ##
## confdefs.h. ##
## ----------- ##

/* confdefs.h */
#define PACKAGE_NAME "gxe"
#define PACKAGE_TARNAME "gxe"
#define PACKAGE_VERSION "1.29"
#define PACKAGE_STRING "gxe 1.29"
#define PACKAGE_BUGREPORT ""
#define PACKAGE_URL ""
#define PACKAGE "gxe"
#define VERSION "1.29"
#define STDC_HEADERS 1
#define HAVE_SYS_TYPES_H 1
#define HAVE_SYS_STAT_H 1
#define HAVE_STDLIB_H 1
#define HAVE_STRING_H 1
#define HAVE_MEMORY_H 1
#define HAVE_STRINGS_H 1
#define HAVE_INTTYPES_H 1
#define HAVE_STDINT_H 1
#define HAVE_UNISTD_H 1
#define HAVE_FCNTL_H 1
#define HAVE_STDDEF_H 1
#define HAVE_STDLIB_H 1
#define HAVE_STRING_H 1
#define HAVE_SYS_TIMEB_H 1
#define HAVE_SYS_VFS_H 1
#define HAVE_UNISTD_H 1
#define HAVE_TERM_H 1
#define HAVE_NCURSESW_NCURSES_H 1
#define HAVE_CUPS_CUPS_H 1
#define HAVE_REGEX_H 1
#define HAVE_ICONV_H 1
#define HAVE_LIBCUPS 1
#define HAVE_LIBNCURSESW 1
#define TIME_WITH_SYS_TIME 1
#define HAVE_ALLOCA_H 1
#define HAVE_ALLOCA 1
#define HAVE_STDLIB_H 1
#define HAVE_MALLOC 1
#define HAVE_STDLIB_H 1
#define HAVE_REALLOC 1
#define HAVE_LUTIMES 1
#define HAVE_FTIME 1
#define HAVE_GETPAGESIZE 1
#define HAVE_MEMSET 1
#define HAVE_PUTENV 1
#define HAVE_STRCHR 1
#define HAVE_STRSPN 1
#define HAVE_STRSTR 1
#define HAVE_STRTOL 1
#define GETTEXT_PACKAGE "gxe"
#define HAVE_LOCALE_H 1
#define HAVE_LC_MESSAGES 1
#define HAVE_BIND_TEXTDOMAIN_CODESET 1
#define HAVE_GETTEXT 1
#define HAVE_DCGETTEXT 1
#define ENABLE_NLS 1
#define HAVE_LIBGNOMEVFS_GNOME_VFS_INIT_H 1
#define HAVE_LIBGNOMEVFS_GNOME_VFS_MIME_H 1
#define PACKAGE_LOCALE_DIR "/usr/local/share/locale"
#define PACKAGE_DATA_DIR "/usr/local/share"
#define PACKAGE_DOC_DIR "/usr/local/doc/gxe"
#define PACKAGE_PIXMAPS_DIR "/usr/local/share/pixmaps/gxe"
#define PACKAGE_HELP_DIR "/usr/local/share/gnome/help/gxe"
#define PACKAGE_MENU_DIR "/usr/local/share/gnome/apps"
#define PACKAGE_SOURCE_DIR "/home/pi/Projects/XE/gxe-1.29"

configure: exit 0
